<?xml version="1.0" encoding="UTF-8"?>
<testsuite xmlns:xsi="http://www.w3.org/2001/XMLSchema-instance" xsi:schemaLocation="https://maven.apache.org/surefire/maven-surefire-plugin/xsd/surefire-test-report.xsd" name="runner.Testrunner" time="5.533" tests="1" errors="1" skipped="0" failures="0">
  <properties>
[...]
</properties>
  <testcase name="Foreign Exchange Rate" classname="api1" time="5.28">
    <error message="TODO: implement me" type="io.cucumber.java.PendingException">io.cucumber.java.PendingException: TODO: implement me
</error>
    <system-out><![CDATA[Response Body: io.restassured.internal.RestAssuredResponseImpl@57435801
Response in String: io.restassured.internal.RestAssuredResponseImpl@57435801
]]></system-out>
  </testcase>
</testsuite>